FetchLowDispAddr:    ip: aaaa, dinst: - Unsupported: aa
FetchLowData:        ip: aaaa, dinst: - Unsupported: aa
BIU:                 pc: 1000,  inst: b8331240, epoch: 0

Cycle          0 ----------------------------------------------------
BIU:                 pc: 1001,  inst: b8331240, epoch: 0
FetchOpcode:         ip: 1000, dinst: - MOV AX, ?, inst: b8

Cycle          1 ----------------------------------------------------
BIU:                 pc: 1002,  inst: b8331240, epoch: 0
FetchLowData:        ip: 1000, dinst: - MOV AX, #0x0033

Cycle          2 ----------------------------------------------------
BIU:                 pc: 1003,  inst: b8331240, epoch: 0
FetchHighData:       ip: 1001, dinst: - MOV AX, #0x1233

Cycle          3 ----------------------------------------------------
BIU:                 pc: 1004,  inst: c7060010, epoch: 0
     Searching: s1: True, s2: True, s3: True
      0: 1, 1: 0, 2: 0, 3: 0, 4: 0, 5: 0, 6: 0, 7: 0
     Enqueing: x: tagged Valid AX, y: tagged Invalid 
RegisterFetch:       ip: 1002, dinst: - MOV AX, #0x1233 ()
FetchOpcode:         ip: 1003, dinst: - INC AX (AX <= 0xaaaa + 1), inst: 40

Cycle          4 ----------------------------------------------------
BIU:                 pc: 1005,  inst: c7060010, epoch: 0
     Searching: s1: False, s2: True, s3: True
RegisterFetch (Stalled): ip: 1003, dinst: INC AX (AX <= 0xaaaa + 1), epoch: 0
MemoryFetch:         ip: 1002, dinst: - MOV AX, #0x1233 ()
FetchOpcode:         ip: 1004, dinst: - MOV MEM16, ?, inst: c7

Cycle          5 ----------------------------------------------------
BIU:                 pc: 1006,  inst: c7060010, epoch: 0
     Searching: s1: False, s2: True, s3: True
RegisterFetch (Stalled): ip: 1003, dinst: INC AX (AX <= 0xaaaa + 1), epoch: 0
Execute:             ip: 1002, dinst: - MOV AX, #0x1233, einst: ExecInst { iType: MOV_R_IMM16, dst1: tagged Valid AX, dst2: tagged Invalid , dstm: tagged Invalid , dstVal1: 'h1233, dstVal2: 'h0000, dstValm: 'h0000, mispredict: False, brTaken: False, nextIp: 'h1003 }
      0: 0, 1: 0, 2: 0, 3: 0, 4: 0, 5: 0, 6: 0, 7: 0
FetchAddressingMode: ip: 1004, dinst: - MOV MEM16, ?

Cycle          6 ----------------------------------------------------
BIU:                 pc: 1007,  inst: c7060010, epoch: 0
     Searching: s1: True, s2: True, s3: True
      0: 1, 1: 0, 2: 0, 3: 0, 4: 0, 5: 0, 6: 0, 7: 0
     Enqueing: x: tagged Valid AX, y: tagged Invalid 
RegisterFetch:       ip: 1003, dinst: - INC AX (AX <= 0x1233 + 1) (AX = 0x1233, )
FetchLowDispAddr:    ip: 1005, dinst: - MOV MEM16, ?

Cycle          7 ----------------------------------------------------
BIU:                 pc: 1008,  inst: adde9090, epoch: 0
MemoryFetch:         ip: 1003, dinst: - INC AX (AX <= 0x1233 + 1) ()
FetchHighDispAddr:   ip: 1006, dinst: - MOV MEM16, ?

Cycle          8 ----------------------------------------------------
BIU:                 pc: 1009,  inst: adde9090, epoch: 0
Execute:             ip: 1003, dinst: - INC AX (AX <= 0x1233 + 1), einst: ExecInst { iType: INC, dst1: tagged Valid AX, dst2: tagged Invalid , dstm: tagged Invalid , dstVal1: 'h1234, dstVal2: 'h0000, dstValm: 'h0000, mispredict: False, brTaken: False, nextIp: 'h1004 }
      0: 0, 1: 0, 2: 0, 3: 0, 4: 0, 5: 0, 6: 0, 7: 0
FetchLowData:        ip: 1007, dinst: - MOV MEM16, #0x00ad

Cycle          9 ----------------------------------------------------
BIU:                 pc: 100a,  inst: adde9090, epoch: 0
FetchHighData:       ip: 1008, dinst: - MOV MEM16, #0xdead

Cycle         10 ----------------------------------------------------
BIU:                 pc: 100b,  inst: adde9090, epoch: 0
     Searching: s1: True, s2: True, s3: True
      0: 0, 1: 0, 2: 0, 3: 0, 4: 0, 5: 0, 6: 0, 7: 0
     Enqueing: x: tagged Invalid , y: tagged Invalid 
RegisterFetch:       ip: 1009, dinst: - MOV MEM16, #0xdead ()
FetchOpcode:         ip: 100a, dinst: - NOP, inst: 90

Cycle         11 ----------------------------------------------------
BIU:                 pc: 100c,  inst: 90908b1e, epoch: 0
     Searching: s1: True, s2: True, s3: True
      0: 0, 1: 0, 2: 0, 3: 0, 4: 0, 5: 0, 6: 0, 7: 0
     Enqueing: x: tagged Invalid , y: tagged Invalid 
RegisterFetch:       ip: 100a, dinst: - NOP ()
MemoryFetch:         ip: 1009, dinst: - MOV MEM16, #0xdead ()
FetchOpcode:         ip: 100b, dinst: - NOP, inst: 90

Cycle         12 ----------------------------------------------------
BIU:                 pc: 100d,  inst: 90908b1e, epoch: 0
     Searching: s1: True, s2: True, s3: True
      0: 0, 1: 0, 2: 0, 3: 0, 4: 0, 5: 0, 6: 0, 7: 0
     Enqueing: x: tagged Invalid , y: tagged Invalid 
RegisterFetch:       ip: 100b, dinst: - NOP ()
MemoryFetch:         ip: 100a, dinst: - NOP ()
Execute:             ip: 1009, dinst: - MOV MEM16, #0xdead, einst: ExecInst { iType: MOV_M_IMM16, dst1: tagged Invalid , dst2: tagged Invalid , dstm: tagged Valid SegAddr { seg: DS, offset: 'h1000 }, dstVal1: 'h0000, dstVal2: 'h0000, dstValm: 'hdead, mispredict: False, brTaken: False, nextIp: 'h100a }
      0: 0, 1: 0, 2: 0, 3: 0, 4: 0, 5: 0, 6: 0, 7: 0
FetchOpcode:         ip: 100c, dinst: - NOP, inst: 90

Cycle         13 ----------------------------------------------------
BIU (Processing Write data): addr: 00001000
     Searching: s1: True, s2: True, s3: True
      0: 0, 1: 0, 2: 0, 3: 0, 4: 0, 5: 0, 6: 0, 7: 0
     Enqueing: x: tagged Invalid , y: tagged Invalid 
RegisterFetch:       ip: 100c, dinst: - NOP ()
MemoryFetch:         ip: 100b, dinst: - NOP ()
Execute:             ip: 100a, dinst: - NOP, einst: ExecInst { iType: NOP, dst1: tagged Invalid , dst2: tagged Invalid , dstm: tagged Invalid , dstVal1: 'h0000, dstVal2: 'h0000, dstValm: 'h0000, mispredict: False, brTaken: False, nextIp: 'h100b }
      0: 0, 1: 0, 2: 0, 3: 0, 4: 0, 5: 0, 6: 0, 7: 0
FetchOpcode:         ip: 100d, dinst: - NOP, inst: 90

Cycle         14 ----------------------------------------------------
BIU (Writing data): addr: 00001000, data: b833dead
     Searching: s1: True, s2: True, s3: True
      0: 0, 1: 0, 2: 0, 3: 0, 4: 0, 5: 0, 6: 0, 7: 0
     Enqueing: x: tagged Invalid , y: tagged Invalid 
RegisterFetch:       ip: 100d, dinst: - NOP ()
MemoryFetch:         ip: 100c, dinst: - NOP ()
Execute:             ip: 100b, dinst: - NOP, einst: ExecInst { iType: NOP, dst1: tagged Invalid , dst2: tagged Invalid , dstm: tagged Invalid , dstVal1: 'h0000, dstVal2: 'h0000, dstValm: 'h0000, mispredict: False, brTaken: False, nextIp: 'h100c }
      0: 0, 1: 0, 2: 0, 3: 0, 4: 0, 5: 0, 6: 0, 7: 0

Cycle         15 ----------------------------------------------------
BIU:                 pc: 100e,  inst: 90908b1e, epoch: 0
MemoryFetch:         ip: 100d, dinst: - NOP ()
Execute:             ip: 100c, dinst: - NOP, einst: ExecInst { iType: NOP, dst1: tagged Invalid , dst2: tagged Invalid , dstm: tagged Invalid , dstVal1: 'h0000, dstVal2: 'h0000, dstValm: 'h0000, mispredict: False, brTaken: False, nextIp: 'h100d }
      0: 0, 1: 0, 2: 0, 3: 0, 4: 0, 5: 0, 6: 0, 7: 0

Cycle         16 ----------------------------------------------------
BIU:                 pc: 100f,  inst: 90908b1e, epoch: 0
Execute:             ip: 100d, dinst: - NOP, einst: ExecInst { iType: NOP, dst1: tagged Invalid , dst2: tagged Invalid , dstm: tagged Invalid , dstVal1: 'h0000, dstVal2: 'h0000, dstValm: 'h0000, mispredict: False, brTaken: False, nextIp: 'h100e }
      0: 0, 1: 0, 2: 0, 3: 0, 4: 0, 5: 0, 6: 0, 7: 0
FetchOpcode:         ip: 100e, dinst: - MOV ?, [DS:0xaaaa], inst: 8b

Cycle         17 ----------------------------------------------------
BIU:                 pc: 1010,  inst: 00109090, epoch: 0
FetchAddressingMode: ip: 100e, dinst: - MOV ?, [DS:0xaaaa]

Cycle         18 ----------------------------------------------------
BIU:                 pc: 1011,  inst: 00109090, epoch: 0
FetchLowDispAddr:    ip: 100f, dinst: - MOV BX, [DS:0xaaaa]

Cycle         19 ----------------------------------------------------
BIU:                 pc: 1012,  inst: 00109090, epoch: 0
FetchHighDispAddr:   ip: 1010, dinst: - MOV BX, [DS:0xaa00]

Cycle         20 ----------------------------------------------------
BIU:                 pc: 1013,  inst: 00109090, epoch: 0
     Searching: s1: True, s2: True, s3: True
      0: 0, 1: 0, 2: 0, 3: 1, 4: 0, 5: 0, 6: 0, 7: 0
     Enqueing: x: tagged Valid BX, y: tagged Invalid 
RegisterFetch:       ip: 1011, dinst: - MOV BX, [DS:0x1000] ()
FetchOpcode:         ip: 1012, dinst: - NOP, inst: 90

Cycle         21 ----------------------------------------------------
BIU:                 pc: 1014,  inst: b4bebb78, epoch: 0
     Searching: s1: True, s2: True, s3: True
      0: 0, 1: 0, 2: 0, 3: 1, 4: 0, 5: 0, 6: 0, 7: 0
     Enqueing: x: tagged Invalid , y: tagged Invalid 
RegisterFetch:       ip: 1012, dinst: - NOP ()
MemoryFetch:         ip: 1011, dinst: - MOV BX, [DS:0x1000] ([DS:0x1000] = ?)
FetchOpcode:         ip: 1013, dinst: - NOP, inst: 90

Cycle         22 ----------------------------------------------------
BIU (Reading data): addr: 00001000, data: dead
     Searching: s1: True, s2: True, s3: True
      0: 0, 1: 0, 2: 0, 3: 1, 4: 0, 5: 0, 6: 0, 7: 0
     Enqueing: x: tagged Invalid , y: tagged Invalid 
RegisterFetch:       ip: 1013, dinst: - NOP ()
MemoryFetch:         ip: 1012, dinst: - NOP ()
FetchOpcode:         ip: 1014, dinst: - MOV AH, ?, inst: b4

Cycle         23 ----------------------------------------------------
BIU:                 pc: 1015,  inst: b4bebb78, epoch: 0
Execute:             ip: 1011, dinst: - MOV BX, [DS:0x1000], einst: ExecInst { iType: MOV_R_RM16, dst1: tagged Valid BX, dst2: tagged Invalid , dstm: tagged Invalid , dstVal1: 'hdead, dstVal2: 'h0000, dstValm: 'h0000, mispredict: False, brTaken: False, nextIp: 'h1012 }
      0: 0, 1: 0, 2: 0, 3: 0, 4: 0, 5: 0, 6: 0, 7: 0

Cycle         24 ----------------------------------------------------
BIU:                 pc: 1016,  inst: b4bebb78, epoch: 0
MemoryFetch:         ip: 1013, dinst: - NOP ()
Execute:             ip: 1012, dinst: - NOP, einst: ExecInst { iType: NOP, dst1: tagged Invalid , dst2: tagged Invalid , dstm: tagged Invalid , dstVal1: 'h0000, dstVal2: 'h0000, dstValm: 'h0000, mispredict: False, brTaken: False, nextIp: 'h1013 }
      0: 0, 1: 0, 2: 0, 3: 0, 4: 0, 5: 0, 6: 0, 7: 0
FetchLowData:        ip: 1014, dinst: - MOV AH, #0xbe

Cycle         25 ----------------------------------------------------
BIU:                 pc: 1017,  inst: b4bebb78, epoch: 0
     Searching: s1: True, s2: True, s3: True
      0: 1, 1: 0, 2: 0, 3: 0, 4: 0, 5: 0, 6: 0, 7: 0
     Enqueing: x: tagged Valid AX, y: tagged Invalid 
RegisterFetch:       ip: 1015, dinst: - MOV AH, #0xbe (AX = 0x1234)
Execute:             ip: 1013, dinst: - NOP, einst: ExecInst { iType: NOP, dst1: tagged Invalid , dst2: tagged Invalid , dstm: tagged Invalid , dstVal1: 'h0000, dstVal2: 'h0000, dstValm: 'h0000, mispredict: False, brTaken: False, nextIp: 'h1014 }
      0: 1, 1: 0, 2: 0, 3: 0, 4: 0, 5: 0, 6: 0, 7: 0
FetchOpcode:         ip: 1016, dinst: - MOV BX, ?, inst: bb

Cycle         26 ----------------------------------------------------
BIU:                 pc: 1018,  inst: 56b00ab3, epoch: 0
MemoryFetch:         ip: 1015, dinst: - MOV AH, #0xbe ()
FetchLowData:        ip: 1016, dinst: - MOV BX, #0x0078

Cycle         27 ----------------------------------------------------
BIU:                 pc: 1019,  inst: 56b00ab3, epoch: 0
Execute:             ip: 1015, dinst: - MOV AH, #0xbe, einst: ExecInst { iType: MOV_R_IMM8, dst1: tagged Valid AX, dst2: tagged Invalid , dstm: tagged Invalid , dstVal1: 'hbe34, dstVal2: 'h0000, dstValm: 'h0000, mispredict: False, brTaken: False, nextIp: 'h1016 }
      0: 0, 1: 0, 2: 0, 3: 0, 4: 0, 5: 0, 6: 0, 7: 0
FetchHighData:       ip: 1017, dinst: - MOV BX, #0x5678

Cycle         28 ----------------------------------------------------
BIU:                 pc: 101a,  inst: 56b00ab3, epoch: 0
     Searching: s1: True, s2: True, s3: True
      0: 0, 1: 0, 2: 0, 3: 1, 4: 0, 5: 0, 6: 0, 7: 0
     Enqueing: x: tagged Valid BX, y: tagged Invalid 
RegisterFetch:       ip: 1018, dinst: - MOV BX, #0x5678 ()
FetchOpcode:         ip: 1019, dinst: - MOV AL, ?, inst: b0

Cycle         29 ----------------------------------------------------
BIU:                 pc: 101b,  inst: 56b00ab3, epoch: 0
MemoryFetch:         ip: 1018, dinst: - MOV BX, #0x5678 ()
FetchLowData:        ip: 1019, dinst: - MOV AL, #0x0a

Cycle         30 ----------------------------------------------------
BIU:                 pc: 101c,  inst: deb4beb7, epoch: 0
     Searching: s1: True, s2: True, s3: True
      0: 1, 1: 0, 2: 0, 3: 1, 4: 0, 5: 0, 6: 0, 7: 0
     Enqueing: x: tagged Valid AX, y: tagged Invalid 
RegisterFetch:       ip: 101a, dinst: - MOV AL, #0x0a (AX = 0xbe34)
Execute:             ip: 1018, dinst: - MOV BX, #0x5678, einst: ExecInst { iType: MOV_R_IMM16, dst1: tagged Valid BX, dst2: tagged Invalid , dstm: tagged Invalid , dstVal1: 'h5678, dstVal2: 'h0000, dstValm: 'h0000, mispredict: False, brTaken: False, nextIp: 'h1019 }
      0: 1, 1: 0, 2: 0, 3: 0, 4: 0, 5: 0, 6: 0, 7: 0
FetchOpcode:         ip: 101b, dinst: - MOV BL, ?, inst: b3

Cycle         31 ----------------------------------------------------
BIU:                 pc: 101d,  inst: deb4beb7, epoch: 0
MemoryFetch:         ip: 101a, dinst: - MOV AL, #0x0a ()
FetchLowData:        ip: 101b, dinst: - MOV BL, #0xde

Cycle         32 ----------------------------------------------------
BIU:                 pc: 101e,  inst: deb4beb7, epoch: 0
     Searching: s1: True, s2: True, s3: True
      0: 1, 1: 0, 2: 0, 3: 1, 4: 0, 5: 0, 6: 0, 7: 0
     Enqueing: x: tagged Valid BX, y: tagged Invalid 
RegisterFetch:       ip: 101c, dinst: - MOV BL, #0xde (BX = 0x5678)
Execute:             ip: 101a, dinst: - MOV AL, #0x0a, einst: ExecInst { iType: MOV_R_IMM8, dst1: tagged Valid AX, dst2: tagged Invalid , dstm: tagged Invalid , dstVal1: 'hbe0a, dstVal2: 'h0000, dstValm: 'h0000, mispredict: False, brTaken: False, nextIp: 'h101b }
      0: 0, 1: 0, 2: 0, 3: 1, 4: 0, 5: 0, 6: 0, 7: 0
FetchOpcode:         ip: 101d, dinst: - MOV AH, ?, inst: b4

Cycle         33 ----------------------------------------------------
BIU:                 pc: 101f,  inst: deb4beb7, epoch: 0
MemoryFetch:         ip: 101c, dinst: - MOV BL, #0xde ()
FetchLowData:        ip: 101d, dinst: - MOV AH, #0xbe

Cycle         34 ----------------------------------------------------
BIU:                 pc: 1020,  inst: ad8b1e00, epoch: 0
     Searching: s1: True, s2: True, s3: True
      0: 1, 1: 0, 2: 0, 3: 1, 4: 0, 5: 0, 6: 0, 7: 0
     Enqueing: x: tagged Valid AX, y: tagged Invalid 
RegisterFetch:       ip: 101e, dinst: - MOV AH, #0xbe (AX = 0xbe0a)
Execute:             ip: 101c, dinst: - MOV BL, #0xde, einst: ExecInst { iType: MOV_R_IMM8, dst1: tagged Valid BX, dst2: tagged Invalid , dstm: tagged Invalid , dstVal1: 'h56de, dstVal2: 'h0000, dstValm: 'h0000, mispredict: False, brTaken: False, nextIp: 'h101d }
      0: 1, 1: 0, 2: 0, 3: 0, 4: 0, 5: 0, 6: 0, 7: 0
FetchOpcode:         ip: 101f, dinst: - MOV BH, ?, inst: b7

Cycle         35 ----------------------------------------------------
BIU:                 pc: 1021,  inst: ad8b1e00, epoch: 0
MemoryFetch:         ip: 101e, dinst: - MOV AH, #0xbe ()
FetchLowData:        ip: 101f, dinst: - MOV BH, #0xad

Cycle         36 ----------------------------------------------------
BIU:                 pc: 1022,  inst: ad8b1e00, epoch: 0
     Searching: s1: True, s2: True, s3: True
      0: 1, 1: 0, 2: 0, 3: 1, 4: 0, 5: 0, 6: 0, 7: 0
     Enqueing: x: tagged Valid BX, y: tagged Invalid 
RegisterFetch:       ip: 1020, dinst: - MOV BH, #0xad (BX = 0x56de)
Execute:             ip: 101e, dinst: - MOV AH, #0xbe, einst: ExecInst { iType: MOV_R_IMM8, dst1: tagged Valid AX, dst2: tagged Invalid , dstm: tagged Invalid , dstVal1: 'hbe0a, dstVal2: 'h0000, dstValm: 'h0000, mispredict: False, brTaken: False, nextIp: 'h101f }
      0: 0, 1: 0, 2: 0, 3: 1, 4: 0, 5: 0, 6: 0, 7: 0
FetchOpcode:         ip: 1021, dinst: - MOV ?, [DS:0xaaaa], inst: 8b

Cycle         37 ----------------------------------------------------
BIU:                 pc: 1023,  inst: ad8b1e00, epoch: 0
MemoryFetch:         ip: 1020, dinst: - MOV BH, #0xad ()
FetchAddressingMode: ip: 1021, dinst: - MOV ?, [DS:0xaaaa]

Cycle         38 ----------------------------------------------------
BIU:                 pc: 1024,  inst: 108b1e00, epoch: 0
Execute:             ip: 1020, dinst: - MOV BH, #0xad, einst: ExecInst { iType: MOV_R_IMM8, dst1: tagged Valid BX, dst2: tagged Invalid , dstm: tagged Invalid , dstVal1: 'hadde, dstVal2: 'h0000, dstValm: 'h0000, mispredict: False, brTaken: False, nextIp: 'h1021 }
      0: 0, 1: 0, 2: 0, 3: 0, 4: 0, 5: 0, 6: 0, 7: 0
FetchLowDispAddr:    ip: 1022, dinst: - MOV BX, [DS:0xaaaa]

Cycle         39 ----------------------------------------------------
BIU:                 pc: 1025,  inst: 108b1e00, epoch: 0
FetchHighDispAddr:   ip: 1023, dinst: - MOV BX, [DS:0xaa00]

Cycle         40 ----------------------------------------------------
BIU:                 pc: 1026,  inst: 108b1e00, epoch: 0
     Searching: s1: True, s2: True, s3: True
      0: 0, 1: 0, 2: 0, 3: 1, 4: 0, 5: 0, 6: 0, 7: 0
     Enqueing: x: tagged Valid BX, y: tagged Invalid 
RegisterFetch:       ip: 1024, dinst: - MOV BX, [DS:0x1000] ()
FetchOpcode:         ip: 1025, dinst: - MOV ?, [DS:0xaaaa], inst: 8b

Cycle         41 ----------------------------------------------------
BIU:                 pc: 1027,  inst: 108b1e00, epoch: 0
MemoryFetch:         ip: 1024, dinst: - MOV BX, [DS:0x1000] ([DS:0x1000] = ?)
FetchAddressingMode: ip: 1025, dinst: - MOV ?, [DS:0xaaaa]

Cycle         42 ----------------------------------------------------
BIU (Reading data): addr: 00001000, data: dead
FetchLowDispAddr:    ip: 1026, dinst: - MOV BX, [DS:0xaaaa]

Cycle         43 ----------------------------------------------------
BIU:                 pc: 1028,  inst: 1090e6e9, epoch: 0
Execute:             ip: 1024, dinst: - MOV BX, [DS:0x1000], einst: ExecInst { iType: MOV_R_RM16, dst1: tagged Valid BX, dst2: tagged Invalid , dstm: tagged Invalid , dstVal1: 'hdead, dstVal2: 'h0000, dstValm: 'h0000, mispredict: False, brTaken: False, nextIp: 'h1025 }
      0: 0, 1: 0, 2: 0, 3: 0, 4: 0, 5: 0, 6: 0, 7: 0

Cycle         44 ----------------------------------------------------
BIU:                 pc: 1029,  inst: 1090e6e9, epoch: 0
FetchHighDispAddr:   ip: 1027, dinst: - MOV BX, [DS:0xaa00]

Cycle         45 ----------------------------------------------------
BIU:                 pc: 102a,  inst: 1090e6e9, epoch: 0
     Searching: s1: True, s2: True, s3: True
      0: 0, 1: 0, 2: 0, 3: 1, 4: 0, 5: 0, 6: 0, 7: 0
     Enqueing: x: tagged Valid BX, y: tagged Invalid 
RegisterFetch:       ip: 1028, dinst: - MOV BX, [DS:0x1000] ()
FetchOpcode:         ip: 1029, dinst: - NOP, inst: 90

Cycle         46 ----------------------------------------------------
BIU:                 pc: 102b,  inst: 1090e6e9, epoch: 0
     Searching: s1: True, s2: True, s3: True
      0: 0, 1: 0, 2: 0, 3: 1, 4: 0, 5: 0, 6: 0, 7: 0
     Enqueing: x: tagged Invalid , y: tagged Invalid 
RegisterFetch:       ip: 1029, dinst: - NOP ()
MemoryFetch:         ip: 1028, dinst: - MOV BX, [DS:0x1000] ([DS:0x1000] = ?)
FetchOpcode:         ip: 102a, dinst: - Unsupported: e6, inst: e6

Cycle         47 ----------------------------------------------------
BIU (Reading data): addr: 00001000, data: dead
     Searching: s1: True, s2: True, s3: True
      0: 0, 1: 0, 2: 0, 3: 1, 4: 0, 5: 0, 6: 0, 7: 0
     Enqueing: x: tagged Invalid , y: tagged Invalid 
RegisterFetch:       ip: 102a, dinst: - Unsupported: e6 ()
MemoryFetch:         ip: 1029, dinst: - NOP ()
FetchOpcode:         ip: 102b, dinst: - Unsupported: e9, inst: e9

Cycle         48 ----------------------------------------------------
BIU:                 pc: 102c,  inst: b000e6e8, epoch: 0
     Searching: s1: True, s2: True, s3: True
      0: 0, 1: 0, 2: 0, 3: 1, 4: 0, 5: 0, 6: 0, 7: 0
     Enqueing: x: tagged Invalid , y: tagged Invalid 
RegisterFetch:       ip: 102b, dinst: - Unsupported: e9 ()
Execute:             ip: 1028, dinst: - MOV BX, [DS:0x1000], einst: ExecInst { iType: MOV_R_RM16, dst1: tagged Valid BX, dst2: tagged Invalid , dstm: tagged Invalid , dstVal1: 'hdead, dstVal2: 'h0000, dstValm: 'h0000, mispredict: False, brTaken: False, nextIp: 'h1029 }
      0: 0, 1: 0, 2: 0, 3: 0, 4: 0, 5: 0, 6: 0, 7: 0

Cycle         49 ----------------------------------------------------
BIU:                 pc: 102d,  inst: b000e6e8, epoch: 0
MemoryFetch:         ip: 102a, dinst: - Unsupported: e6 ()
Execute:             ip: 1029, dinst: - NOP, einst: ExecInst { iType: NOP, dst1: tagged Invalid , dst2: tagged Invalid , dstm: tagged Invalid , dstVal1: 'h0000, dstVal2: 'h0000, dstValm: 'h0000, mispredict: False, brTaken: False, nextIp: 'h102a }
      0: 0, 1: 0, 2: 0, 3: 0, 4: 0, 5: 0, 6: 0, 7: 0
FetchOpcode:         ip: 102c, dinst: - MOV AL, ?, inst: b0

Cycle         50 ----------------------------------------------------
BIU:                 pc: 102e,  inst: b000e6e8, epoch: 0
MemoryFetch:         ip: 102b, dinst: - Unsupported: e9 ()
